no change     /home/groups/emmalu/marvinli/anaconda3/condabin/conda
no change     /home/groups/emmalu/marvinli/anaconda3/bin/conda
no change     /home/groups/emmalu/marvinli/anaconda3/bin/conda-env
no change     /home/groups/emmalu/marvinli/anaconda3/bin/activate
no change     /home/groups/emmalu/marvinli/anaconda3/bin/deactivate
no change     /home/groups/emmalu/marvinli/anaconda3/etc/profile.d/conda.sh
no change     /home/groups/emmalu/marvinli/anaconda3/etc/fish/conf.d/conda.fish
no change     /home/groups/emmalu/marvinli/anaconda3/shell/condabin/Conda.psm1
no change     /home/groups/emmalu/marvinli/anaconda3/shell/condabin/conda-hook.ps1
no change     /home/groups/emmalu/marvinli/anaconda3/lib/python3.12/site-packages/xontrib/conda.xsh
no change     /home/groups/emmalu/marvinli/anaconda3/etc/profile.d/conda.csh
no change     /home/users/mli89/.bashrc
No action taken.
Note: The Schrodinger virtualenv is tied to a specific SCHRODINGER value.
This virtualenv is tied to SCHRODINGER=/share/software/user/restricted/schrodinger/2021-1.

If you change your SCHRODINGER environment variable, it will break the ability
to use the unadorned python command.

Running structprep
JobId: sh03-15n08-0-681d34ae

JobId: sh03-15n08-0-681d352c

JobId: sh03-15n08-0-681d35aa

JobId: sh03-15n08-0-681d3628

JobId: sh03-15n08-0-681d36a6

JobId: sh03-15n08-0-681d3725

JobId: sh03-15n08-0-681d37a2

JobId: sh03-15n08-0-681d3820

JobId: sh03-15n08-0-681d389e

JobId: sh03-15n08-0-681d391c

JobId: sh03-15n08-0-681d39ac

ExitStatus: finished
Processing ['5f3c', '5f3e', '5f3g', '5f3i', '5vgi', '6h4o', '6h4p', '6h4r', '6h4t', '6h4v'], aligning to 5f3c, and creating a docking grid for 5f3c
processing 5f3c
processing 5f3e
processing 5f3g
processing 5f3i
processing 5vgi
processing 6h4o
processing 6h4p
processing 6h4r
processing 6h4t
processing 6h4v
align 5f3c 5f3c
align 5f3e 5f3c
align 5f3g 5f3c
align 5f3i 5f3c
align 5vgi 5f3c
align 6h4o 5f3c
align 6h4p 5f3c
align 6h4r 5f3c
align 6h4t 5f3c
align 6h4v 5f3c
making grid 5f3c
Running ligprep
Running dock
No grids in default location (structures/grids), please specify path.
Running featurize
Extracting glide scores.
Extracting names.
Computing RMSDs to native poses
Computing interaction fingerprints.
Running pose-prediction
