no change     /home/groups/emmalu/marvinli/anaconda3/condabin/conda
no change     /home/groups/emmalu/marvinli/anaconda3/bin/conda
no change     /home/groups/emmalu/marvinli/anaconda3/bin/conda-env
no change     /home/groups/emmalu/marvinli/anaconda3/bin/activate
no change     /home/groups/emmalu/marvinli/anaconda3/bin/deactivate
no change     /home/groups/emmalu/marvinli/anaconda3/etc/profile.d/conda.sh
no change     /home/groups/emmalu/marvinli/anaconda3/etc/fish/conf.d/conda.fish
no change     /home/groups/emmalu/marvinli/anaconda3/shell/condabin/Conda.psm1
no change     /home/groups/emmalu/marvinli/anaconda3/shell/condabin/conda-hook.ps1
no change     /home/groups/emmalu/marvinli/anaconda3/lib/python3.12/site-packages/xontrib/conda.xsh
no change     /home/groups/emmalu/marvinli/anaconda3/etc/profile.d/conda.csh
no change     /home/users/mli89/.bashrc
No action taken.
Note: The Schrodinger virtualenv is tied to a specific SCHRODINGER value.
This virtualenv is tied to SCHRODINGER=/share/software/user/restricted/schrodinger/2021-1.

If you change your SCHRODINGER environment variable, it will break the ability
to use the unadorned python command.

Running structprep
JobId: sh03-15n11-0-681d34a6

JobId: sh03-15n11-0-681d34e7

JobId: sh03-15n11-0-681d352c

JobId: sh03-15n11-0-681d356e

JobId: sh03-15n11-0-681d35b0

JobId: sh03-15n11-0-681d35f2

JobId: sh03-15n11-0-681d3634

JobId: sh03-15n11-0-681d3679

JobId: sh03-15n11-0-681d36bb

JobId: sh03-15n11-0-681d36fe

JobId: sh03-15n11-0-681d3740

JobId: sh03-15n11-0-681d3795

ExitStatus: finished
Processing ['3lxe', '4wr7', '4wuq', '5e2m', '6evr', '6ex1', '6f3b', '6faf', '6fag', '6i0j', '6i0l'], aligning to 3lxe, and creating a docking grid for 3lxe
processing 3lxe
processing 4wr7
processing 4wuq
processing 5e2m
processing 6evr
processing 6ex1
processing 6f3b
processing 6faf
processing 6fag
processing 6i0j
processing 6i0l
align 3lxe 3lxe
align 4wr7 3lxe
align 4wuq 3lxe
align 5e2m 3lxe
align 6evr 3lxe
align 6ex1 3lxe
align 6f3b 3lxe
align 6faf 3lxe
align 6fag 3lxe
align 6i0j 3lxe
align 6i0l 3lxe
making grid 3lxe
Running ligprep
Running dock
No grids in default location (structures/grids), please specify path.
Running featurize
Extracting glide scores.
Extracting names.
Computing RMSDs to native poses
Computing interaction fingerprints.
Running pose-prediction
