no change     /home/groups/emmalu/marvinli/anaconda3/condabin/conda
no change     /home/groups/emmalu/marvinli/anaconda3/bin/conda
no change     /home/groups/emmalu/marvinli/anaconda3/bin/conda-env
no change     /home/groups/emmalu/marvinli/anaconda3/bin/activate
no change     /home/groups/emmalu/marvinli/anaconda3/bin/deactivate
no change     /home/groups/emmalu/marvinli/anaconda3/etc/profile.d/conda.sh
no change     /home/groups/emmalu/marvinli/anaconda3/etc/fish/conf.d/conda.fish
no change     /home/groups/emmalu/marvinli/anaconda3/shell/condabin/Conda.psm1
no change     /home/groups/emmalu/marvinli/anaconda3/shell/condabin/conda-hook.ps1
no change     /home/groups/emmalu/marvinli/anaconda3/lib/python3.12/site-packages/xontrib/conda.xsh
no change     /home/groups/emmalu/marvinli/anaconda3/etc/profile.d/conda.csh
no change     /home/users/mli89/.bashrc
No action taken.
Note: The Schrodinger virtualenv is tied to a specific SCHRODINGER value.
This virtualenv is tied to SCHRODINGER=/share/software/user/restricted/schrodinger/2021-1.

If you change your SCHRODINGER environment variable, it will break the ability
to use the unadorned python command.

Running structprep
JobId: sh03-15n12-0-681d34a7

JobId: sh03-15n12-0-681d34e9

JobId: sh03-15n12-0-681d352c

JobId: sh03-15n12-0-681d356f

JobId: sh03-15n12-0-681d35b1

JobId: sh03-15n12-0-681d35f3

JobId: sh03-15n12-0-681d3636

JobId: sh03-15n12-0-681d3678

JobId: sh03-15n12-0-681d36bd

JobId: sh03-15n12-0-681d3700

JobId: sh03-15n12-0-681d3742

JobId: sh03-15n12-0-681d3784

JobId: sh03-15n12-0-681d37c6

JobId: sh03-15n12-0-681d380c

JobId: sh03-15n12-0-681d384e

JobId: sh03-15n12-0-681d3890

JobId: sh03-15n12-0-681d38d2

JobId: sh03-15n12-0-681d3915

JobId: sh03-15n12-0-681d395a

JobId: sh03-15n12-0-681d399c

JobId: sh03-15n12-0-681d39df

JobId: sh03-15n12-0-681d3a21

JobId: sh03-15n12-0-681d3a64

JobId: sh03-15n12-0-681d3aa9

JobId: sh03-15n12-0-681d3aec

JobId: sh03-15n12-0-681d3b2e

JobId: sh03-15n12-0-681d3b71

JobId: sh03-15n12-0-681d3bb3

JobId: sh03-15n12-0-681d3bf8

JobId: sh03-15n12-0-681d3c3b

JobId: sh03-15n12-0-681d3c7e

JobId: sh03-15n12-0-681d3cc1

JobId: sh03-15n12-0-681d3d03

JobId: sh03-15n12-0-681d3d48

JobId: sh03-15n12-0-681d3d8b

JobId: sh03-15n12-0-681d3dcd

JobId: sh03-15n12-0-681d3e10

JobId: sh03-15n12-0-681d3e54

JobId: sh03-15n12-0-681d3e99

JobId: sh03-15n12-0-681d3edc

JobId: sh03-15n12-0-681d3f66

ExitStatus: finished
Processing ['1sj0', '1xp1', '1xp6', '1xp9', '1xpc', '1yim', '1yin', '2ayr', '2iog', '2iok', '2q70', '2qe4', '3l03', '3os9', '3uua', '4mg7', '4mgd', '5aav', '5acc', '5ak2', '5fqp', '5fqr', '5fqs', '5fqt', '5fqv', '5w9d', '6df6', '6dfn', '6pet', '6psj', '6sq0', '6suo', '6v8t', '6vjd', '6wok', '7msa', '7rke', '7uj7', '7uj8', '7ujc'], aligning to 1sj0, and creating a docking grid for 1sj0
processing 1sj0
processing 1xp1
processing 1xp6
processing 1xp9
processing 1xpc
processing 1yim
processing 1yin
processing 2ayr
processing 2iog
processing 2iok
processing 2q70
processing 2qe4
processing 3l03
processing 3os9
processing 3uua
processing 4mg7
processing 4mgd
processing 5aav
processing 5acc
processing 5ak2
processing 5fqp
processing 5fqr
processing 5fqs
processing 5fqt
processing 5fqv
processing 5w9d
processing 6df6
processing 6dfn
processing 6pet
processing 6psj
processing 6sq0
processing 6suo
processing 6v8t
processing 6vjd
processing 6wok
processing 7msa
processing 7rke
processing 7uj7
processing 7uj8
processing 7ujc
align 1sj0 1sj0
align 1xp1 1sj0
align 1xp6 1sj0
align 1xp9 1sj0
align 1xpc 1sj0
align 1yim 1sj0
align 1yin 1sj0
align 2ayr 1sj0
align 2iog 1sj0
align 2iok 1sj0
align 2q70 1sj0
align 2qe4 1sj0
align 3l03 1sj0
align 3os9 1sj0
align 3uua 1sj0
align 4mg7 1sj0
align 4mgd 1sj0
align 5aav 1sj0
align 5acc 1sj0
align 5ak2 1sj0
align 5fqp 1sj0
align 5fqr 1sj0
align 5fqs 1sj0
align 5fqt 1sj0
align 5fqv 1sj0
align 5w9d 1sj0
align 6df6 1sj0
align 6dfn 1sj0
align 6pet 1sj0
align 6psj 1sj0
align 6sq0 1sj0
align 6suo 1sj0
align 6v8t 1sj0
align 6vjd 1sj0
align 6wok 1sj0
align 7msa 1sj0
align 7rke 1sj0
align 7uj7 1sj0
align 7uj8 1sj0
align 7ujc 1sj0
making grid 1sj0
Running ligprep
Running dock
No grids in default location (structures/grids), please specify path.
Running featurize
Extracting glide scores.
Extracting names.
Computing RMSDs to native poses
Computing interaction fingerprints.
Running pose-prediction
