no change     /home/groups/emmalu/marvinli/anaconda3/condabin/conda
no change     /home/groups/emmalu/marvinli/anaconda3/bin/conda
no change     /home/groups/emmalu/marvinli/anaconda3/bin/conda-env
no change     /home/groups/emmalu/marvinli/anaconda3/bin/activate
no change     /home/groups/emmalu/marvinli/anaconda3/bin/deactivate
no change     /home/groups/emmalu/marvinli/anaconda3/etc/profile.d/conda.sh
no change     /home/groups/emmalu/marvinli/anaconda3/etc/fish/conf.d/conda.fish
no change     /home/groups/emmalu/marvinli/anaconda3/shell/condabin/Conda.psm1
no change     /home/groups/emmalu/marvinli/anaconda3/shell/condabin/conda-hook.ps1
no change     /home/groups/emmalu/marvinli/anaconda3/lib/python3.12/site-packages/xontrib/conda.xsh
no change     /home/groups/emmalu/marvinli/anaconda3/etc/profile.d/conda.csh
no change     /home/users/mli89/.bashrc
No action taken.
Note: The Schrodinger virtualenv is tied to a specific SCHRODINGER value.
This virtualenv is tied to SCHRODINGER=/share/software/user/restricted/schrodinger/2021-1.

If you change your SCHRODINGER environment variable, it will break the ability
to use the unadorned python command.

Running structprep
JobId: sh03-15n13-0-681d34a6

JobId: sh03-15n13-1-681d34e8

JobId: sh03-15n13-0-681d352a

JobId: sh03-15n13-1-681d356c

JobId: sh03-15n13-0-681d35b1

JobId: sh03-15n13-0-681d35f3

JobId: sh03-15n13-0-681d3635

JobId: sh03-15n13-0-681d3678

JobId: sh03-15n13-0-681d36bd

JobId: sh03-15n13-0-681d36ff

JobId: sh03-15n13-0-681d3742

JobId: sh03-15n13-0-681d3784

JobId: sh03-15n13-0-681d37c6

JobId: sh03-15n13-0-681d3820

ExitStatus: finished
Processing ['3m08', '3sr5', '3srr', '3srs', '3sru', '3srw', '4lag', '4lah', '4lek', '5hf2', '5isp', '6p9z', '7t7q'], aligning to 3m08, and creating a docking grid for 3m08
processing 3m08
processing 3sr5
processing 3srr
processing 3srs
processing 3sru
processing 3srw
processing 4lag
processing 4lah
processing 4lek
processing 5hf2
processing 5isp
processing 6p9z
processing 7t7q
align 3m08 3m08
align 3sr5 3m08
align 3srr 3m08
align 3srs 3m08
align 3sru 3m08
align 3srw 3m08
align 4lag 3m08
align 4lah 3m08
align 4lek 3m08
align 5hf2 3m08
align 5isp 3m08
align 6p9z 3m08
align 7t7q 3m08
making grid 3m08
Running ligprep
Running dock
No grids in default location (structures/grids), please specify path.
Running featurize
Extracting glide scores.
Extracting names.
Computing RMSDs to native poses
Computing interaction fingerprints.
Running pose-prediction
