no change     /home/groups/emmalu/marvinli/anaconda3/condabin/conda
no change     /home/groups/emmalu/marvinli/anaconda3/bin/conda
no change     /home/groups/emmalu/marvinli/anaconda3/bin/conda-env
no change     /home/groups/emmalu/marvinli/anaconda3/bin/activate
no change     /home/groups/emmalu/marvinli/anaconda3/bin/deactivate
no change     /home/groups/emmalu/marvinli/anaconda3/etc/profile.d/conda.sh
no change     /home/groups/emmalu/marvinli/anaconda3/etc/fish/conf.d/conda.fish
no change     /home/groups/emmalu/marvinli/anaconda3/shell/condabin/Conda.psm1
no change     /home/groups/emmalu/marvinli/anaconda3/shell/condabin/conda-hook.ps1
no change     /home/groups/emmalu/marvinli/anaconda3/lib/python3.12/site-packages/xontrib/conda.xsh
no change     /home/groups/emmalu/marvinli/anaconda3/etc/profile.d/conda.csh
no change     /home/users/mli89/.bashrc
No action taken.
Note: The Schrodinger virtualenv is tied to a specific SCHRODINGER value.
This virtualenv is tied to SCHRODINGER=/share/software/user/restricted/schrodinger/2021-1.

If you change your SCHRODINGER environment variable, it will break the ability
to use the unadorned python command.

Running structprep
JobId: sh03-15n14-3-681d34ab

JobId: sh03-15n14-0-681d34ed

JobId: sh03-15n14-0-681d352e

JobId: sh03-15n14-0-681d3570

JobId: sh03-15n14-0-681d3585

JobId: sh03-15n14-0-681d35c7

JobId: sh03-15n14-0-681d3608

JobId: sh03-15n14-0-681d364a

JobId: sh03-15n14-0-681d368b

JobId: sh03-15n14-0-681d36cd

JobId: sh03-15n14-0-681d370e

JobId: sh03-15n14-0-681d3750

JobId: sh03-15n14-0-681d3792

JobId: sh03-15n14-0-681d37d4

JobId: sh03-15n14-0-681d3816

JobId: sh03-15n14-0-681d3858

JobId: sh03-15n14-0-681d38d6

JobId: sh03-15n14-0-681d3918

JobId: sh03-15n14-0-681d395a

JobId: sh03-15n14-0-681d399c

JobId: sh03-15n14-0-681d39de

JobId: sh03-15n14-0-681d3a20

JobId: sh03-15n14-0-681d3a62

JobId: sh03-15n14-0-681d3aa6

JobId: sh03-15n14-0-681d3ae8

JobId: sh03-15n14-0-681d3b2a

JobId: sh03-15n14-0-681d3bab

JobId: sh03-15n14-0-681d3bed

JobId: sh03-15n14-0-681d3c2f

JobId: sh03-15n14-0-681d3cad

JobId: sh03-15n14-0-681d3d2f

ExitStatus: finished
Processing ['1yhs', '1yi3', '2bik', '2c3i', '2o63', '3bgz', '3jy0', '3r02', '3r04', '4alw', '4bzo', '4k0y', '4k18', '4lmu', '4n6z', '4wrs', '4wt6', '4xhk', '5eol', '5ipj', '5kcx', '5kzi', '5o11', '5o13', '5tex', '5v82', '6mt0', '6no8', '6no9', '6vrv'], aligning to 1yhs, and creating a docking grid for 1yhs
processing 1yhs
processing 1yi3
processing 2bik
processing 2c3i
processing 2o63
processing 3bgz
processing 3jy0
processing 3r02
processing 3r04
processing 4alw
processing 4bzo
processing 4k0y
processing 4k18
processing 4lmu
processing 4n6z
processing 4wrs
processing 4wt6
processing 4xhk
processing 5eol
processing 5ipj
processing 5kcx
processing 5kzi
processing 5o11
processing 5o13
processing 5tex
processing 5v82
processing 6mt0
processing 6no8
processing 6no9
processing 6vrv
align 1yhs 1yhs
align 1yi3 1yhs
align 2bik 1yhs
align 2c3i 1yhs
alignment failure 2c3i
Alignment failed. Trying again with a larger radius.
alignment failure 2c3i
align 2c3i 1yhs
align 2o63 1yhs
align 3bgz 1yhs
align 3jy0 1yhs
align 3r02 1yhs
align 3r04 1yhs
align 4alw 1yhs
align 4bzo 1yhs
align 4k0y 1yhs
align 4k18 1yhs
align 4lmu 1yhs
align 4n6z 1yhs
align 4wrs 1yhs
align 4wt6 1yhs
align 4xhk 1yhs
align 5eol 1yhs
align 5ipj 1yhs
align 5kcx 1yhs
align 5kzi 1yhs
align 5o11 1yhs
align 5o13 1yhs
align 5tex 1yhs
align 5v82 1yhs
align 6mt0 1yhs
align 6no8 1yhs
align 6no9 1yhs
align 6vrv 1yhs
making grid 1yhs
Running ligprep
Running dock
No grids in default location (structures/grids), please specify path.
Running featurize
Extracting glide scores.
Extracting names.
Computing RMSDs to native poses
Computing interaction fingerprints.
Running pose-prediction
