no change     /home/groups/emmalu/marvinli/anaconda3/condabin/conda
no change     /home/groups/emmalu/marvinli/anaconda3/bin/conda
no change     /home/groups/emmalu/marvinli/anaconda3/bin/conda-env
no change     /home/groups/emmalu/marvinli/anaconda3/bin/activate
no change     /home/groups/emmalu/marvinli/anaconda3/bin/deactivate
no change     /home/groups/emmalu/marvinli/anaconda3/etc/profile.d/conda.sh
no change     /home/groups/emmalu/marvinli/anaconda3/etc/fish/conf.d/conda.fish
no change     /home/groups/emmalu/marvinli/anaconda3/shell/condabin/Conda.psm1
no change     /home/groups/emmalu/marvinli/anaconda3/shell/condabin/conda-hook.ps1
no change     /home/groups/emmalu/marvinli/anaconda3/lib/python3.12/site-packages/xontrib/conda.xsh
no change     /home/groups/emmalu/marvinli/anaconda3/etc/profile.d/conda.csh
no change     /home/users/mli89/.bashrc
No action taken.
Note: The Schrodinger virtualenv is tied to a specific SCHRODINGER value.
This virtualenv is tied to SCHRODINGER=/share/software/user/restricted/schrodinger/2021-1.

If you change your SCHRODINGER environment variable, it will break the ability
to use the unadorned python command.

Running structprep
JobId: sh03-15n14-2-681d34ab

JobId: sh03-15n14-0-681d3529

JobId: sh03-15n14-0-681d35a6

JobId: sh03-15n14-0-681d3624

JobId: sh03-15n14-0-681d3666

JobId: sh03-15n14-0-681d36e4

JobId: sh03-15n14-1-681d3726

JobId: sh03-15n14-0-681d37a3

JobId: sh03-15n14-0-681d37f4

ExitStatus: finished
Processing ['2f94', '3b7l', '4lfv', '4lpg', '4nfi', '4pvx', '4pvy', '6n83'], aligning to 2f94, and creating a docking grid for 2f94
processing 2f94
processing 3b7l
processing 4lfv
processing 4lpg
processing 4nfi
processing 4pvx
processing 4pvy
processing 6n83
align 2f94 2f94
align 3b7l 2f94
align 4lfv 2f94
align 4lpg 2f94
align 4nfi 2f94
align 4pvx 2f94
align 4pvy 2f94
align 6n83 2f94
making grid 2f94
Running ligprep
Running dock
No grids in default location (structures/grids), please specify path.
Running featurize
Extracting glide scores.
Extracting names.
Computing RMSDs to native poses
Computing interaction fingerprints.
Running pose-prediction
