no change     /home/groups/emmalu/marvinli/anaconda3/condabin/conda
no change     /home/groups/emmalu/marvinli/anaconda3/bin/conda
no change     /home/groups/emmalu/marvinli/anaconda3/bin/conda-env
no change     /home/groups/emmalu/marvinli/anaconda3/bin/activate
no change     /home/groups/emmalu/marvinli/anaconda3/bin/deactivate
no change     /home/groups/emmalu/marvinli/anaconda3/etc/profile.d/conda.sh
no change     /home/groups/emmalu/marvinli/anaconda3/etc/fish/conf.d/conda.fish
no change     /home/groups/emmalu/marvinli/anaconda3/shell/condabin/Conda.psm1
no change     /home/groups/emmalu/marvinli/anaconda3/shell/condabin/conda-hook.ps1
no change     /home/groups/emmalu/marvinli/anaconda3/lib/python3.12/site-packages/xontrib/conda.xsh
no change     /home/groups/emmalu/marvinli/anaconda3/etc/profile.d/conda.csh
no change     /home/users/mli89/.bashrc
No action taken.
Note: The Schrodinger virtualenv is tied to a specific SCHRODINGER value.
This virtualenv is tied to SCHRODINGER=/share/software/user/restricted/schrodinger/2021-1.

If you change your SCHRODINGER environment variable, it will break the ability
to use the unadorned python command.

Running structprep
JobId: sh03-15n14-0-681d34ab

JobId: sh03-15n14-0-681d34cc

JobId: sh03-15n14-0-681d34ee

JobId: sh03-15n14-0-681d350f

JobId: sh03-15n14-0-681d3531

JobId: sh03-15n14-0-681d3553

JobId: sh03-15n14-0-681d3574

JobId: sh03-15n14-0-681d3596

JobId: sh03-15n14-0-681d35d7

JobId: sh03-15n14-0-681d35f9

JobId: sh03-15n14-0-681d361a

JobId: sh03-15n14-0-681d365c

JobId: sh03-15n14-0-681d367d

JobId: sh03-15n14-0-681d369f

JobId: sh03-15n14-0-681d36d4

ExitStatus: finished
Processing ['2nnq', '3fr2', '3fr5', '5d45', '5d47', '5d48', '5edc', '5hz8', '5y0f', '5y0g', '5y12', '6ljv', '7fzy', '7g0a'], aligning to 2nnq, and creating a docking grid for 2nnq
processing 2nnq
processing 3fr2
processing 3fr5
processing 5d45
processing 5d47
processing 5d48
processing 5edc
processing 5hz8
processing 5y0f
processing 5y0g
processing 5y12
processing 6ljv
processing 7fzy
processing 7g0a
align 2nnq 2nnq
align 3fr2 2nnq
align 3fr5 2nnq
align 5d45 2nnq
align 5d47 2nnq
align 5d48 2nnq
align 5edc 2nnq
align 5hz8 2nnq
align 5y0f 2nnq
align 5y0g 2nnq
align 5y12 2nnq
align 6ljv 2nnq
align 7fzy 2nnq
align 7g0a 2nnq
making grid 2nnq
Running ligprep
Running dock
No grids in default location (structures/grids), please specify path.
Running featurize
Extracting glide scores.
Extracting names.
Computing RMSDs to native poses
Computing interaction fingerprints.
Running pose-prediction
