no change     /home/groups/emmalu/marvinli/anaconda3/condabin/conda
no change     /home/groups/emmalu/marvinli/anaconda3/bin/conda
no change     /home/groups/emmalu/marvinli/anaconda3/bin/conda-env
no change     /home/groups/emmalu/marvinli/anaconda3/bin/activate
no change     /home/groups/emmalu/marvinli/anaconda3/bin/deactivate
no change     /home/groups/emmalu/marvinli/anaconda3/etc/profile.d/conda.sh
no change     /home/groups/emmalu/marvinli/anaconda3/etc/fish/conf.d/conda.fish
no change     /home/groups/emmalu/marvinli/anaconda3/shell/condabin/Conda.psm1
no change     /home/groups/emmalu/marvinli/anaconda3/shell/condabin/conda-hook.ps1
no change     /home/groups/emmalu/marvinli/anaconda3/lib/python3.12/site-packages/xontrib/conda.xsh
no change     /home/groups/emmalu/marvinli/anaconda3/etc/profile.d/conda.csh
no change     /home/users/mli89/.bashrc
No action taken.
Note: The Schrodinger virtualenv is tied to a specific SCHRODINGER value.
This virtualenv is tied to SCHRODINGER=/share/software/user/restricted/schrodinger/2021-1.

If you change your SCHRODINGER environment variable, it will break the ability
to use the unadorned python command.

Running structprep
JobId: sh03-15n14-1-681d34ab

JobId: sh03-15n14-1-681d34ed

JobId: sh03-15n14-0-681d356a

JobId: sh03-15n14-0-681d35e9

JobId: sh03-15n14-0-681d362b

JobId: sh03-15n14-0-681d36a8

JobId: sh03-15n14-0-681d3726

JobId: sh03-15n14-1-681d37a3

JobId: sh03-15n14-0-681d3830

ExitStatus: finished
Processing ['1iei', '1z3n', '1z89', '2pdl', '3lep', '3m0i', '4lau', '4lb3'], aligning to 1iei, and creating a docking grid for 1iei
processing 1iei
processing 1z3n
processing 1z89
processing 2pdl
processing 3lep
processing 3m0i
processing 4lau
processing 4lb3
align 1iei 1iei
align 1z3n 1iei
align 1z89 1iei
align 2pdl 1iei
align 3lep 1iei
align 3m0i 1iei
align 4lau 1iei
align 4lb3 1iei
making grid 1iei
Running ligprep
Running dock
No grids in default location (structures/grids), please specify path.
Running featurize
Extracting glide scores.
Extracting names.
Computing RMSDs to native poses
Computing interaction fingerprints.
Running pose-prediction
