no change     /home/groups/emmalu/marvinli/anaconda3/condabin/conda
no change     /home/groups/emmalu/marvinli/anaconda3/bin/conda
no change     /home/groups/emmalu/marvinli/anaconda3/bin/conda-env
no change     /home/groups/emmalu/marvinli/anaconda3/bin/activate
no change     /home/groups/emmalu/marvinli/anaconda3/bin/deactivate
no change     /home/groups/emmalu/marvinli/anaconda3/etc/profile.d/conda.sh
no change     /home/groups/emmalu/marvinli/anaconda3/etc/fish/conf.d/conda.fish
no change     /home/groups/emmalu/marvinli/anaconda3/shell/condabin/Conda.psm1
no change     /home/groups/emmalu/marvinli/anaconda3/shell/condabin/conda-hook.ps1
no change     /home/groups/emmalu/marvinli/anaconda3/lib/python3.12/site-packages/xontrib/conda.xsh
no change     /home/groups/emmalu/marvinli/anaconda3/etc/profile.d/conda.csh
no change     /home/users/mli89/.bashrc
No action taken.
Note: The Schrodinger virtualenv is tied to a specific SCHRODINGER value.
This virtualenv is tied to SCHRODINGER=/share/software/user/restricted/schrodinger/2021-1.

If you change your SCHRODINGER environment variable, it will break the ability
to use the unadorned python command.

Running structprep
JobId: sh02-13n03-0-681d34a7

JobId: sh02-13n03-0-681d3526

JobId: sh02-13n03-0-681d35a5

JobId: sh02-13n03-0-681d3624

JobId: sh02-13n03-0-681d36a6

JobId: sh02-13n03-0-681d3725

JobId: sh02-13n03-0-681d37a4

JobId: sh02-13n03-0-681d3824

JobId: sh02-13n03-0-681d38a3

JobId: sh02-13n03-0-681d3925

JobId: sh02-13n03-0-681d39a4

JobId: sh02-13n03-0-681d3a24

JobId: sh02-13n03-0-681d3aa3

JobId: sh02-13n03-0-681d3b23

JobId: sh02-13n03-0-681d3ba2

JobId: sh02-13n03-0-681d3c21

JobId: sh02-13n03-0-681d3ce0

JobId: sh02-13n03-0-681d3d5f

JobId: sh02-13n03-0-681d3ddf

JobId: sh02-13n03-0-681d3e5e

JobId: sh02-13n03-0-681d3f1a

JobId: sh02-13n03-0-681d3f99

JobId: sh02-13n03-0-681d4054

JobId: sh02-13n03-0-681d40d4

JobId: sh02-13n03-0-681d418f

JobId: sh02-13n03-0-681d420f

JobId: sh02-13n03-0-681d42cb

JobId: sh02-13n03-0-681d434a

JobId: sh02-13n03-0-681d43c9

JobId: sh02-13n03-0-681d4449

JobId: sh02-13n03-0-681d44c8

JobId: sh02-13n03-0-681d4584

JobId: sh02-13n03-0-681d4603

JobId: sh02-13n03-0-681d4682

JobId: sh02-13n03-0-681d473e

JobId: sh02-13n03-0-681d47bd

JobId: sh02-13n03-0-681d483c

JobId: sh02-13n03-0-681d48bb

JobId: sh02-13n03-0-681d4977

JobId: sh02-13n03-0-681d49f6

JobId: sh02-13n03-0-681d4a75

JobId: sh02-13n03-0-681d4b34

JobId: sh02-13n03-0-681d4bf0

JobId: sh02-13n03-0-681d4cae

JobId: sh02-13n03-0-681d4d6a

JobId: sh02-13n03-0-681d4e28

JobId: sh02-13n03-0-681d4ea8

JobId: sh02-13n03-0-681d4f27

JobId: sh02-13n03-0-681d5075

ExitStatus: finished
Processing ['4uh6', '5adg', '5fvu', '5fvv', '5uo3', '5uo4', '5uo5', '5vux', '5vuy', '5vv0', '5vv1', '5vv2', '5vv3', '5vv4', '5vv5', '6auz', '6av0', '6av1', '6av3', '6av4', '6av5', '6ng2', '6ng4', '6ng5', '6ng6', '6ng7', '6ng8', '6nga', '6ngb', '6ngc', '6ngd', '6nge', '6ngf', '6ngh', '6ngi', '6nhb', '6nhc', '6pnf', '6png', '6pnh', '6po5', '6po7', '6po8', '6po9', '6poa', '6pob', '6poc', '6pot'], aligning to 4uh6, and creating a docking grid for 4uh6
processing 4uh6
processing 5adg
processing 5fvu
processing 5fvv
processing 5uo3
processing 5uo4
processing 5uo5
processing 5vux
processing 5vuy
processing 5vv0
processing 5vv1
processing 5vv2
processing 5vv3
processing 5vv4
processing 5vv5
processing 6auz
processing 6av0
processing 6av1
processing 6av3
processing 6av4
processing 6av5
processing 6ng2
processing 6ng4
processing 6ng5
processing 6ng6
processing 6ng7
processing 6ng8
processing 6nga
processing 6ngb
processing 6ngc
processing 6ngd
processing 6nge
processing 6ngf
processing 6ngh
processing 6ngi
processing 6nhb
processing 6nhc
processing 6pnf
processing 6png
processing 6pnh
processing 6po5
processing 6po7
processing 6po8
processing 6po9
processing 6poa
processing 6pob
processing 6poc
processing 6pot
align 4uh6 4uh6
align 5adg 4uh6
align 5fvu 4uh6
align 5fvv 4uh6
align 5uo3 4uh6
align 5uo4 4uh6
align 5uo5 4uh6
align 5vux 4uh6
align 5vuy 4uh6
align 5vv0 4uh6
align 5vv1 4uh6
align 5vv2 4uh6
align 5vv3 4uh6
align 5vv4 4uh6
align 5vv5 4uh6
align 6auz 4uh6
align 6av0 4uh6
align 6av1 4uh6
align 6av3 4uh6
align 6av4 4uh6
align 6av5 4uh6
align 6ng2 4uh6
align 6ng4 4uh6
align 6ng5 4uh6
align 6ng6 4uh6
align 6ng7 4uh6
align 6ng8 4uh6
align 6nga 4uh6
align 6ngb 4uh6
align 6ngc 4uh6
align 6ngd 4uh6
align 6nge 4uh6
align 6ngf 4uh6
align 6ngh 4uh6
align 6ngi 4uh6
align 6nhb 4uh6
align 6nhc 4uh6
align 6pnf 4uh6
align 6png 4uh6
-- Alignment warning! 6png 0.974
Alignment failed. Trying again with a larger radius.
-- Alignment warning! 6png 0.974
align 6png 4uh6
align 6pnh 4uh6
-- Alignment warning! 6pnh 0.931
Alignment failed. Trying again with a larger radius.
-- Alignment warning! 6pnh 0.931
align 6pnh 4uh6
align 6po5 4uh6
align 6po7 4uh6
align 6po8 4uh6
align 6po9 4uh6
align 6poa 4uh6
align 6pob 4uh6
align 6poc 4uh6
align 6pot 4uh6
making grid 4uh6
Running ligprep
Running dock
No grids in default location (structures/grids), please specify path.
Running featurize
Extracting glide scores.
Extracting names.
Computing RMSDs to native poses
Computing interaction fingerprints.
Running pose-prediction
