no change     /home/groups/emmalu/marvinli/anaconda3/condabin/conda
no change     /home/groups/emmalu/marvinli/anaconda3/bin/conda
no change     /home/groups/emmalu/marvinli/anaconda3/bin/conda-env
no change     /home/groups/emmalu/marvinli/anaconda3/bin/activate
no change     /home/groups/emmalu/marvinli/anaconda3/bin/deactivate
no change     /home/groups/emmalu/marvinli/anaconda3/etc/profile.d/conda.sh
no change     /home/groups/emmalu/marvinli/anaconda3/etc/fish/conf.d/conda.fish
no change     /home/groups/emmalu/marvinli/anaconda3/shell/condabin/Conda.psm1
no change     /home/groups/emmalu/marvinli/anaconda3/shell/condabin/conda-hook.ps1
no change     /home/groups/emmalu/marvinli/anaconda3/lib/python3.12/site-packages/xontrib/conda.xsh
no change     /home/groups/emmalu/marvinli/anaconda3/etc/profile.d/conda.csh
no change     /home/users/mli89/.bashrc
No action taken.
Note: The Schrodinger virtualenv is tied to a specific SCHRODINGER value.
This virtualenv is tied to SCHRODINGER=/share/software/user/restricted/schrodinger/2021-1.

If you change your SCHRODINGER environment variable, it will break the ability
to use the unadorned python command.

Running structprep
JobId: sh03-08n05-4-681d34eb

JobId: sh03-08n05-0-681d350c

JobId: sh03-08n05-2-681d352c

JobId: sh03-08n05-0-681d354d

JobId: sh03-08n05-0-681d356e

JobId: sh03-08n05-0-681d358e

JobId: sh03-08n05-0-681d35af

JobId: sh03-08n05-0-681d35d7

ExitStatus: finished
Processing ['4c9x', '5ant', '5anu', '5anv', '5anw', '6aa4', '6aa5'], aligning to 4c9x, and creating a docking grid for 4c9x
processing 4c9x
processing 5ant
processing 5anu
processing 5anv
processing 5anw
processing 6aa4
processing 6aa5
align 4c9x 4c9x
align 5ant 4c9x
align 5anu 4c9x
align 5anv 4c9x
align 5anw 4c9x
align 6aa4 4c9x
align 6aa5 4c9x
making grid 4c9x
Running ligprep
Running dock
No grids in default location (structures/grids), please specify path.
Running featurize
Extracting glide scores.
Extracting names.
Computing RMSDs to native poses
Computing interaction fingerprints.
Running pose-prediction
