no change     /home/groups/emmalu/marvinli/anaconda3/condabin/conda
no change     /home/groups/emmalu/marvinli/anaconda3/bin/conda
no change     /home/groups/emmalu/marvinli/anaconda3/bin/conda-env
no change     /home/groups/emmalu/marvinli/anaconda3/bin/activate
no change     /home/groups/emmalu/marvinli/anaconda3/bin/deactivate
no change     /home/groups/emmalu/marvinli/anaconda3/etc/profile.d/conda.sh
no change     /home/groups/emmalu/marvinli/anaconda3/etc/fish/conf.d/conda.fish
no change     /home/groups/emmalu/marvinli/anaconda3/shell/condabin/Conda.psm1
no change     /home/groups/emmalu/marvinli/anaconda3/shell/condabin/conda-hook.ps1
no change     /home/groups/emmalu/marvinli/anaconda3/lib/python3.12/site-packages/xontrib/conda.xsh
no change     /home/groups/emmalu/marvinli/anaconda3/etc/profile.d/conda.csh
no change     /home/users/mli89/.bashrc
No action taken.
Note: The Schrodinger virtualenv is tied to a specific SCHRODINGER value.
This virtualenv is tied to SCHRODINGER=/share/software/user/restricted/schrodinger/2021-1.

If you change your SCHRODINGER environment variable, it will break the ability
to use the unadorned python command.

Running structprep
JobId: sh03-08n05-0-681d34eb

JobId: sh03-08n05-1-681d350c

JobId: sh03-08n05-1-681d352c

JobId: sh03-08n05-0-681d3550

JobId: sh03-08n05-0-681d3570

JobId: sh03-08n05-0-681d3591

JobId: sh03-08n05-0-681d35b1

JobId: sh03-08n05-0-681d35d2

JobId: sh03-08n05-0-681d35f3

JobId: sh03-08n05-0-681d3613

JobId: sh03-08n05-0-681d3634

JobId: sh03-08n05-0-681d3654

JobId: sh03-08n05-0-681d3683

ExitStatus: finished
Processing ['3f17', '3lil', '3lir', '3ts4', '3tsk', '4efs', '4gr0', '4gr3', '4gr8', '5l79', '6enm', '6eox'], aligning to 3f17, and creating a docking grid for 3f17
processing 3f17
processing 3lil
processing 3lir
processing 3ts4
processing 3tsk
processing 4efs
processing 4gr0
processing 4gr3
processing 4gr8
processing 5l79
processing 6enm
processing 6eox
align 3f17 3f17
align 3lil 3f17
align 3lir 3f17
align 3ts4 3f17
align 3tsk 3f17
align 4efs 3f17
align 4gr0 3f17
align 4gr3 3f17
align 4gr8 3f17
align 5l79 3f17
align 6enm 3f17
align 6eox 3f17
making grid 3f17
Running ligprep
Running dock
No grids in default location (structures/grids), please specify path.
Running featurize
Extracting glide scores.
Extracting names.
Computing RMSDs to native poses
Computing interaction fingerprints.
Running pose-prediction
