no change     /home/groups/emmalu/marvinli/anaconda3/condabin/conda
no change     /home/groups/emmalu/marvinli/anaconda3/bin/conda
no change     /home/groups/emmalu/marvinli/anaconda3/bin/conda-env
no change     /home/groups/emmalu/marvinli/anaconda3/bin/activate
no change     /home/groups/emmalu/marvinli/anaconda3/bin/deactivate
no change     /home/groups/emmalu/marvinli/anaconda3/etc/profile.d/conda.sh
no change     /home/groups/emmalu/marvinli/anaconda3/etc/fish/conf.d/conda.fish
no change     /home/groups/emmalu/marvinli/anaconda3/shell/condabin/Conda.psm1
no change     /home/groups/emmalu/marvinli/anaconda3/shell/condabin/conda-hook.ps1
no change     /home/groups/emmalu/marvinli/anaconda3/lib/python3.12/site-packages/xontrib/conda.xsh
no change     /home/groups/emmalu/marvinli/anaconda3/etc/profile.d/conda.csh
no change     /home/users/mli89/.bashrc
No action taken.
Note: The Schrodinger virtualenv is tied to a specific SCHRODINGER value.
This virtualenv is tied to SCHRODINGER=/share/software/user/restricted/schrodinger/2021-1.

If you change your SCHRODINGER environment variable, it will break the ability
to use the unadorned python command.

Running structprep
JobId: sh03-08n05-2-681d34eb

JobId: sh03-08n05-0-681d352c

JobId: sh03-08n05-0-681d356c

JobId: sh03-08n05-0-681d35ad

JobId: sh03-08n05-0-681d35ee

JobId: sh03-08n05-0-681d362f

JobId: sh03-08n05-0-681d366f

JobId: sh03-08n05-0-681d36b3

JobId: sh03-08n05-0-681d36f4

JobId: sh03-08n05-0-681d3734

JobId: sh03-08n05-0-681d3781

ExitStatus: finished
Processing ['1zq5', '3ug8', '4dbs', '4dbw', '4fa3', '4fal', '4fam', '4hmn', '6f2u', '7c7h'], aligning to 1zq5, and creating a docking grid for 1zq5
processing 1zq5
processing 3ug8
processing 4dbs
processing 4dbw
processing 4fa3
processing 4fal
processing 4fam
processing 4hmn
processing 6f2u
processing 7c7h
align 1zq5 1zq5
align 3ug8 1zq5
align 4dbs 1zq5
align 4dbw 1zq5
align 4fa3 1zq5
align 4fal 1zq5
align 4fam 1zq5
align 4hmn 1zq5
align 6f2u 1zq5
align 7c7h 1zq5
making grid 1zq5
Running ligprep
Running dock
No grids in default location (structures/grids), please specify path.
Running featurize
Extracting glide scores.
Extracting names.
Computing RMSDs to native poses
Computing interaction fingerprints.
Running pose-prediction
