no change     /home/groups/emmalu/marvinli/anaconda3/condabin/conda
no change     /home/groups/emmalu/marvinli/anaconda3/bin/conda
no change     /home/groups/emmalu/marvinli/anaconda3/bin/conda-env
no change     /home/groups/emmalu/marvinli/anaconda3/bin/activate
no change     /home/groups/emmalu/marvinli/anaconda3/bin/deactivate
no change     /home/groups/emmalu/marvinli/anaconda3/etc/profile.d/conda.sh
no change     /home/groups/emmalu/marvinli/anaconda3/etc/fish/conf.d/conda.fish
no change     /home/groups/emmalu/marvinli/anaconda3/shell/condabin/Conda.psm1
no change     /home/groups/emmalu/marvinli/anaconda3/shell/condabin/conda-hook.ps1
no change     /home/groups/emmalu/marvinli/anaconda3/lib/python3.12/site-packages/xontrib/conda.xsh
no change     /home/groups/emmalu/marvinli/anaconda3/etc/profile.d/conda.csh
no change     /home/users/mli89/.bashrc
No action taken.
Note: The Schrodinger virtualenv is tied to a specific SCHRODINGER value.
This virtualenv is tied to SCHRODINGER=/share/software/user/restricted/schrodinger/2021-1.

If you change your SCHRODINGER environment variable, it will break the ability
to use the unadorned python command.

Running structprep
JobId: sh03-08n06-3-681d34eb

JobId: sh03-08n06-2-681d352b

JobId: sh03-08n06-1-681d356c

JobId: sh03-08n06-0-681d358c

JobId: sh03-08n06-0-681d35cd

JobId: sh03-08n06-0-681d360e

JobId: sh03-08n06-0-681d364f

JobId: sh03-08n06-0-681d368f

JobId: sh03-08n06-0-681d36d0

JobId: sh03-08n06-0-681d3711

JobId: sh03-08n06-0-681d3751

JobId: sh03-08n06-0-681d3792

JobId: sh03-08n06-0-681d37d3

JobId: sh03-08n06-0-681d3814

JobId: sh03-08n06-0-681d3855

JobId: sh03-08n06-0-681d3895

JobId: sh03-08n06-0-681d38ed

ExitStatus: finished
Processing ['1q3d', '1q5k', '3e88', '3f7z', '3zrl', '3zrm', '4acc', '4ptg', '5k5n', '6hk3', '6hk4', '6tcu', '7b6f', '7sxj', '8djc', '8djd'], aligning to 1q3d, and creating a docking grid for 1q3d
processing 1q3d
processing 1q5k
processing 3e88
processing 3f7z
processing 3zrl
processing 3zrm
processing 4acc
processing 4ptg
processing 5k5n
processing 6hk3
processing 6hk4
processing 6tcu
processing 7b6f
processing 7sxj
processing 8djc
processing 8djd
align 1q3d 1q3d
align 1q5k 1q3d
align 3e88 1q3d
alignment failure 3e88
Alignment failed. Trying again with a larger radius.
alignment failure 3e88
align 3e88 1q3d
align 3f7z 1q3d
align 3zrl 1q3d
align 3zrm 1q3d
align 4acc 1q3d
align 4ptg 1q3d
align 5k5n 1q3d
align 6hk3 1q3d
align 6hk4 1q3d
align 6tcu 1q3d
align 7b6f 1q3d
align 7sxj 1q3d
align 8djc 1q3d
align 8djd 1q3d
making grid 1q3d
Running ligprep
Running dock
No grids in default location (structures/grids), please specify path.
Running featurize
Extracting glide scores.
Extracting names.
Computing RMSDs to native poses
Computing interaction fingerprints.
Running pose-prediction
