no change     /home/groups/emmalu/marvinli/anaconda3/condabin/conda
no change     /home/groups/emmalu/marvinli/anaconda3/bin/conda
no change     /home/groups/emmalu/marvinli/anaconda3/bin/conda-env
no change     /home/groups/emmalu/marvinli/anaconda3/bin/activate
no change     /home/groups/emmalu/marvinli/anaconda3/bin/deactivate
no change     /home/groups/emmalu/marvinli/anaconda3/etc/profile.d/conda.sh
no change     /home/groups/emmalu/marvinli/anaconda3/etc/fish/conf.d/conda.fish
no change     /home/groups/emmalu/marvinli/anaconda3/shell/condabin/Conda.psm1
no change     /home/groups/emmalu/marvinli/anaconda3/shell/condabin/conda-hook.ps1
no change     /home/groups/emmalu/marvinli/anaconda3/lib/python3.12/site-packages/xontrib/conda.xsh
no change     /home/groups/emmalu/marvinli/anaconda3/etc/profile.d/conda.csh
no change     /home/users/mli89/.bashrc
No action taken.
Note: The Schrodinger virtualenv is tied to a specific SCHRODINGER value.
This virtualenv is tied to SCHRODINGER=/share/software/user/restricted/schrodinger/2021-1.

If you change your SCHRODINGER environment variable, it will break the ability
to use the unadorned python command.

Running structprep
JobId: sh03-08n06-0-681d34eb

JobId: sh03-08n06-0-681d350b

JobId: sh03-08n06-0-681d354c

JobId: sh03-08n06-0-681d358d

JobId: sh03-08n06-1-681d35cd

JobId: sh03-08n06-1-681d360e

JobId: sh03-08n06-1-681d364f

JobId: sh03-08n06-1-681d368f

JobId: sh03-08n06-0-681d36db

ExitStatus: finished
Processing ['3fnf', '3fng', '4bqp', '4cod', '4ohu', '4qxm', '5g0u', '6sql'], aligning to 3fnf, and creating a docking grid for 3fnf
processing 3fnf
processing 3fng
processing 4bqp
processing 4cod
processing 4ohu
processing 4qxm
processing 5g0u
processing 6sql
align 3fnf 3fnf
align 3fng 3fnf
align 4bqp 3fnf
align 4cod 3fnf
align 4ohu 3fnf
align 4qxm 3fnf
align 5g0u 3fnf
align 6sql 3fnf
making grid 3fnf
Running ligprep
Running dock
No grids in default location (structures/grids), please specify path.
Running featurize
Extracting glide scores.
Extracting names.
Computing RMSDs to native poses
Computing interaction fingerprints.
Running pose-prediction
