no change     /home/groups/emmalu/marvinli/anaconda3/condabin/conda
no change     /home/groups/emmalu/marvinli/anaconda3/bin/conda
no change     /home/groups/emmalu/marvinli/anaconda3/bin/conda-env
no change     /home/groups/emmalu/marvinli/anaconda3/bin/activate
no change     /home/groups/emmalu/marvinli/anaconda3/bin/deactivate
no change     /home/groups/emmalu/marvinli/anaconda3/etc/profile.d/conda.sh
no change     /home/groups/emmalu/marvinli/anaconda3/etc/fish/conf.d/conda.fish
no change     /home/groups/emmalu/marvinli/anaconda3/shell/condabin/Conda.psm1
no change     /home/groups/emmalu/marvinli/anaconda3/shell/condabin/conda-hook.ps1
no change     /home/groups/emmalu/marvinli/anaconda3/lib/python3.12/site-packages/xontrib/conda.xsh
no change     /home/groups/emmalu/marvinli/anaconda3/etc/profile.d/conda.csh
no change     /home/users/mli89/.bashrc
No action taken.
Note: The Schrodinger virtualenv is tied to a specific SCHRODINGER value.
This virtualenv is tied to SCHRODINGER=/share/software/user/restricted/schrodinger/2021-1.

If you change your SCHRODINGER environment variable, it will break the ability
to use the unadorned python command.

Running structprep
JobId: sh03-08n06-4-681d34eb

JobId: sh03-08n06-0-681d35a4

JobId: sh03-08n06-0-681d35c5

JobId: sh03-08n06-0-681d367e

JobId: sh03-08n06-0-681d36be

JobId: sh03-08n06-0-681d3777

JobId: sh03-08n06-0-681d3833

JobId: sh03-08n06-0-681d38ec

JobId: sh03-08n06-0-681d39a8

JobId: sh03-08n06-0-681d3a61

JobId: sh03-08n06-0-681d3b1d

JobId: sh03-08n06-0-681d3bd6

JobId: sh03-08n06-0-681d3c92

JobId: sh03-08n06-0-681d3d4c

JobId: sh03-08n06-0-681d3e08

JobId: sh03-08n06-0-681d3ec1

JobId: sh03-08n06-0-681d3f3e

JobId: sh03-08n06-0-681d3ff7

JobId: sh03-08n06-0-681d40b3

JobId: sh03-08n06-0-681d416d

JobId: sh03-08n06-0-681d4229

JobId: sh03-08n06-0-681d42e2

JobId: sh03-08n06-0-681d43c3

ExitStatus: finished
Processing ['3d7h', '3iww', '3sjf', '4jyw', '4ngm', '4ngr', '4oc0', '4oc2', '4oc3', '4oc4', '4oc5', '5of0', '6ety', '6ez9', '6f5l', '6fe5', '6h7y', '6h7z', '6hkj', '6hkz', '6rbc', '6s1x'], aligning to 3d7h, and creating a docking grid for 3d7h
processing 3d7h
processing 3iww
processing 3sjf
processing 4jyw
processing 4ngm
processing 4ngr
processing 4oc0
processing 4oc2
processing 4oc3
processing 4oc4
processing 4oc5
processing 5of0
processing 6ety
processing 6ez9
processing 6f5l
processing 6fe5
processing 6h7y
processing 6h7z
processing 6hkj
processing 6hkz
processing 6rbc
processing 6s1x
align 3d7h 3d7h
align 3sjf 3d7h
align 4ngm 3d7h
align 4ngr 3d7h
align 4oc0 3d7h
align 4oc2 3d7h
align 4oc3 3d7h
align 4oc4 3d7h
align 4oc5 3d7h
align 5of0 3d7h
align 6ety 3d7h
align 6ez9 3d7h
align 6f5l 3d7h
align 6fe5 3d7h
align 6h7y 3d7h
align 6h7z 3d7h
align 6hkj 3d7h
align 6hkz 3d7h
align 6rbc 3d7h
align 6s1x 3d7h
making grid 3d7h
Running ligprep
Running dock
No grids in default location (structures/grids), please specify path.
Running featurize
Extracting glide scores.
Extracting names.
Computing RMSDs to native poses
Computing interaction fingerprints.
Running pose-prediction
