no change     /home/groups/emmalu/marvinli/anaconda3/condabin/conda
no change     /home/groups/emmalu/marvinli/anaconda3/bin/conda
no change     /home/groups/emmalu/marvinli/anaconda3/bin/conda-env
no change     /home/groups/emmalu/marvinli/anaconda3/bin/activate
no change     /home/groups/emmalu/marvinli/anaconda3/bin/deactivate
no change     /home/groups/emmalu/marvinli/anaconda3/etc/profile.d/conda.sh
no change     /home/groups/emmalu/marvinli/anaconda3/etc/fish/conf.d/conda.fish
no change     /home/groups/emmalu/marvinli/anaconda3/shell/condabin/Conda.psm1
no change     /home/groups/emmalu/marvinli/anaconda3/shell/condabin/conda-hook.ps1
no change     /home/groups/emmalu/marvinli/anaconda3/lib/python3.12/site-packages/xontrib/conda.xsh
no change     /home/groups/emmalu/marvinli/anaconda3/etc/profile.d/conda.csh
no change     /home/users/mli89/.bashrc
No action taken.
Note: The Schrodinger virtualenv is tied to a specific SCHRODINGER value.
This virtualenv is tied to SCHRODINGER=/share/software/user/restricted/schrodinger/2021-1.

If you change your SCHRODINGER environment variable, it will break the ability
to use the unadorned python command.

Running structprep
JobId: sh03-08n08-0-681d34eb

JobId: sh03-08n08-1-681d352b

JobId: sh03-08n08-1-681d356c

JobId: sh03-08n08-1-681d35ad

JobId: sh03-08n08-2-681d35ed

JobId: sh03-08n08-1-681d362e

JobId: sh03-08n08-1-681d366f

JobId: sh03-08n08-1-681d36b0

JobId: sh03-08n08-1-681d36f0

JobId: sh03-08n08-1-681d3731

JobId: sh03-08n08-1-681d3771

JobId: sh03-08n08-0-681d37b2

JobId: sh03-08n08-0-681d37f3

JobId: sh03-08n08-0-681d3834

JobId: sh03-08n08-0-681d3874

JobId: sh03-08n08-0-681d38b5

JobId: sh03-08n08-0-681d390d

ExitStatus: finished
Processing ['4ylk', '4yll', '6a1g', '6eif', '6eiq', '6eis', '6s1i', '7a5l', '7a5n', '7ajv', '7ajy', '7ak2', '7aka', '7o7k', '8c3g', '8r8e'], aligning to 4ylk, and creating a docking grid for 4ylk
processing 4ylk
processing 4yll
processing 6a1g
processing 6eif
processing 6eiq
processing 6eis
processing 6s1i
processing 7a5l
processing 7a5n
processing 7ajv
processing 7ajy
processing 7ak2
processing 7aka
processing 7o7k
processing 8c3g
processing 8r8e
align 4ylk 4ylk
align 4yll 4ylk
align 6a1g 4ylk
align 6eif 4ylk
align 6eiq 4ylk
align 6eis 4ylk
align 6s1i 4ylk
align 7a5l 4ylk
align 7a5n 4ylk
align 7ajv 4ylk
align 7ajy 4ylk
align 7ak2 4ylk
align 7aka 4ylk
align 7o7k 4ylk
align 8c3g 4ylk
align 8r8e 4ylk
making grid 4ylk
Running ligprep
Running dock
No grids in default location (structures/grids), please specify path.
Running featurize
Extracting glide scores.
Extracting names.
Computing RMSDs to native poses
Computing interaction fingerprints.
Running pose-prediction
