no change     /home/groups/emmalu/marvinli/anaconda3/condabin/conda
no change     /home/groups/emmalu/marvinli/anaconda3/bin/conda
no change     /home/groups/emmalu/marvinli/anaconda3/bin/conda-env
no change     /home/groups/emmalu/marvinli/anaconda3/bin/activate
no change     /home/groups/emmalu/marvinli/anaconda3/bin/deactivate
no change     /home/groups/emmalu/marvinli/anaconda3/etc/profile.d/conda.sh
no change     /home/groups/emmalu/marvinli/anaconda3/etc/fish/conf.d/conda.fish
no change     /home/groups/emmalu/marvinli/anaconda3/shell/condabin/Conda.psm1
no change     /home/groups/emmalu/marvinli/anaconda3/shell/condabin/conda-hook.ps1
no change     /home/groups/emmalu/marvinli/anaconda3/lib/python3.12/site-packages/xontrib/conda.xsh
no change     /home/groups/emmalu/marvinli/anaconda3/etc/profile.d/conda.csh
no change     /home/users/mli89/.bashrc
No action taken.
Note: The Schrodinger virtualenv is tied to a specific SCHRODINGER value.
This virtualenv is tied to SCHRODINGER=/share/software/user/restricted/schrodinger/2021-1.

If you change your SCHRODINGER environment variable, it will break the ability
to use the unadorned python command.

Running structprep
JobId: sh03-08n07-0-681d3559

JobId: sh03-08n07-0-681d359b

JobId: sh03-08n07-1-681d35db

JobId: sh03-08n07-0-681d35fc

JobId: sh03-08n07-0-681d361d

JobId: sh03-08n07-0-681d3664

ExitStatus: finished
Processing ['1zaf', '2fsz', '2giu', '2jj3', '2z4b'], aligning to 1zaf, and creating a docking grid for 1zaf
processing 1zaf
processing 2fsz
processing 2giu
processing 2jj3
processing 2z4b
align 1zaf 1zaf
align 2fsz 1zaf
align 2giu 1zaf
align 2jj3 1zaf
align 2z4b 1zaf
making grid 1zaf
Running ligprep
Running dock
No grids in default location (structures/grids), please specify path.
Running featurize
Extracting glide scores.
Extracting names.
Computing RMSDs to native poses
Computing interaction fingerprints.
Running pose-prediction
