no change     /home/groups/emmalu/marvinli/anaconda3/condabin/conda
no change     /home/groups/emmalu/marvinli/anaconda3/bin/conda
no change     /home/groups/emmalu/marvinli/anaconda3/bin/conda-env
no change     /home/groups/emmalu/marvinli/anaconda3/bin/activate
no change     /home/groups/emmalu/marvinli/anaconda3/bin/deactivate
no change     /home/groups/emmalu/marvinli/anaconda3/etc/profile.d/conda.sh
no change     /home/groups/emmalu/marvinli/anaconda3/etc/fish/conf.d/conda.fish
no change     /home/groups/emmalu/marvinli/anaconda3/shell/condabin/Conda.psm1
no change     /home/groups/emmalu/marvinli/anaconda3/shell/condabin/conda-hook.ps1
no change     /home/groups/emmalu/marvinli/anaconda3/lib/python3.12/site-packages/xontrib/conda.xsh
no change     /home/groups/emmalu/marvinli/anaconda3/etc/profile.d/conda.csh
no change     /home/users/mli89/.bashrc
No action taken.
Note: The Schrodinger virtualenv is tied to a specific SCHRODINGER value.
This virtualenv is tied to SCHRODINGER=/share/software/user/restricted/schrodinger/2021-1.

If you change your SCHRODINGER environment variable, it will break the ability
to use the unadorned python command.

Running structprep
JobId: sh03-08n07-1-681d3559

JobId: sh03-08n07-0-681d359a

JobId: sh03-08n07-0-681d35db

JobId: sh03-08n07-0-681d361c

JobId: sh03-08n07-0-681d3663

ExitStatus: finished
Processing ['4y30', '5wcf', '6p7i', '6w6d'], aligning to 4y30, and creating a docking grid for 4y30
processing 4y30
processing 5wcf
processing 6p7i
processing 6w6d
align 4y30 4y30
align 5wcf 4y30
align 6p7i 4y30
align 6w6d 4y30
-- Alignment warning! 6w6d 0.44
Alignment failed. Trying again with a larger radius.
-- Alignment warning! 6w6d 0.44
align 6w6d 4y30
making grid 4y30
Running ligprep
Running dock
No grids in default location (structures/grids), please specify path.
Running featurize
Extracting glide scores.
Extracting names.
Computing RMSDs to native poses
Computing interaction fingerprints.
Running pose-prediction
